<?xml version="1.0" encoding="utf-8"?><testsuites name="pytest tests"><testsuite name="pytest" errors="0" failures="0" skipped="0" tests="15" time="3.568" timestamp="2026-05-27T14:58:49.971369+00:00" hostname="agent-env-09b31679-8362-4a1b-b9a0-7cc723773e01"><testcase classname="backend.tests.test_cambios_iteration2.TestCambio1NewFields" name="test_login_admin" time="0.494" /><testcase classname="backend.tests.test_cambios_iteration2.TestCambio1NewFields" name="test_create_quote_with_client_id_number_and_city" time="0.611" /><testcase classname="backend.tests.test_cambios_iteration2.TestCambio1NewFields" name="test_create_quote_with_ruc_13digits" time="0.118" /><testcase classname="backend.tests.test_cambios_iteration2.TestCambio1NewFields" name="test_create_quote_without_new_fields" time="0.111" /><testcase classname="backend.tests.test_cambios_iteration2.TestCambio1NewFields" name="test_get_quote_returns_new_fields" time="0.263" /><testcase classname="backend.tests.test_cambios_iteration2.TestCambio3EditQuote" name="test_edit_quote_items_endpoint_exists" time="0.247" /><testcase classname="backend.tests.test_cambios_iteration2.TestCambio3EditQuote" name="test_edit_quote_recalculates_total" time="0.125" /><testcase classname="backend.tests.test_cambios_iteration2.TestCambio3EditQuote" name="test_edit_quote_returns_400_if_pagado" time="0.397" /><testcase classname="backend.tests.test_cambios_iteration2.TestCambio3EditQuote" name="test_edit_quote_updates_client_data" time="0.240" /><testcase classname="backend.tests.test_cambios_iteration2.TestCambio4ManualPrice" name="test_create_quote_uses_price_1_by_default" time="0.112" /><testcase classname="backend.tests.test_cambios_iteration2.TestCambio4ManualPrice" name="test_create_quote_with_manual_price" time="0.109" /><testcase classname="backend.tests.test_cambios_iteration2.TestCambio4ManualPrice" name="test_large_quantity_still_uses_price_1" time="0.123" /><testcase classname="backend.tests.test_cambios_iteration2.TestBackwardCompat" name="test_scan_product_returns_all_three_prices" time="0.115" /><testcase classname="backend.tests.test_cambios_iteration2.TestBackwardCompat" name="test_get_products_returns_all_prices" time="0.111" /><testcase classname="backend.tests.test_cambios_iteration2.TestBackwardCompat" name="test_login_empleado" time="0.340" /></testsuite></testsuites>