<?xml version="1.0" encoding="utf-8"?><testsuites name="pytest tests"><testsuite name="pytest" errors="0" failures="0" skipped="0" tests="28" time="12.148" timestamp="2026-02-25T23:17:27.980906+00:00" hostname="agent-env-bdc2411b-a650-4d3d-bc40-da13d682a1d0"><testcase classname="backend.tests.test_auth" name="test_health_check" time="0.275" /><testcase classname="backend.tests.test_auth" name="test_login_success" time="0.421" /><testcase classname="backend.tests.test_auth" name="test_login_invalid_credentials" time="0.359" /><testcase classname="backend.tests.test_auth" name="test_login_nonexistent_user" time="0.165" /><testcase classname="backend.tests.test_auth" name="test_get_me" time="0.417" /><testcase classname="backend.tests.test_auth" name="test_get_me_without_token" time="0.130" /><testcase classname="backend.tests.test_products_quotes" name="test_get_products_authenticated" time="0.416" /><testcase classname="backend.tests.test_products_quotes" name="test_get_products_unauthenticated" time="0.163" /><testcase classname="backend.tests.test_products_quotes" name="test_get_products_with_search" time="0.554" /><testcase classname="backend.tests.test_products_quotes" name="test_product_response_structure" time="0.441" /><testcase classname="backend.tests.test_products_quotes" name="test_create_product" time="0.429" /><testcase classname="backend.tests.test_products_quotes" name="test_get_product_by_id" time="0.415" /><testcase classname="backend.tests.test_products_quotes" name="test_update_product" time="0.432" /><testcase classname="backend.tests.test_products_quotes" name="test_delete_product" time="0.479" /><testcase classname="backend.tests.test_products_quotes" name="test_get_metrics_summary" time="0.488" /><testcase classname="backend.tests.test_products_quotes" name="test_metrics_summary_non_admin" time="0.418" /><testcase classname="backend.tests.test_products_quotes" name="test_get_quotes_admin" time="0.424" /><testcase classname="backend.tests.test_products_quotes" name="test_create_quote" time="0.486" /><testcase classname="backend.tests.test_products_quotes" name="test_price_logic_bulk" time="0.585" /><testcase classname="backend.tests.test_products_quotes" name="test_price_logic_wholesale" time="0.578" /><testcase classname="backend.tests.test_users" name="test_get_users_admin" time="0.417" /><testcase classname="backend.tests.test_users" name="test_get_users_unauthenticated" time="0.158" /><testcase classname="backend.tests.test_users" name="test_user_response_no_password" time="0.417" /><testcase classname="backend.tests.test_users" name="test_create_user" time="0.636" /><testcase classname="backend.tests.test_users" name="test_create_duplicate_user" time="0.440" /><testcase classname="backend.tests.test_users" name="test_update_user_role" time="0.427" /><testcase classname="backend.tests.test_users" name="test_delete_user" time="0.433" /><testcase classname="backend.tests.test_users" name="test_new_user_can_login" time="1.066" /></testsuite></testsuites>